Using launch settings from C:\Users\abhis\HSC_NavDrishti_AHM\Traffic_Frontend\Properties\launchSettings.json...
Building...
info: Microsoft.Hosting.Lifetime[14]
      Now listening on: http://localhost:5000
info: Microsoft.Hosting.Lifetime[0]
      Application started. Press Ctrl+C to shut down.
info: Microsoft.Hosting.Lifetime[0]
      Hosting environment: Development
info: Microsoft.Hosting.Lifetime[0]
      Content root path: C:\Users\abhis\HSC_NavDrishti_AHM\Traffic_Frontend
info: System.Net.Http.HttpClient.BackendApiService.LogicalHandler[100]
      Start processing HTTP request GET http://localhost:8001/projects/
info: System.Net.Http.HttpClient.BackendApiService.ClientHandler[100]
      Sending HTTP request GET http://localhost:8001/projects/
info: System.Net.Http.HttpClient.BackendApiService.ClientHandler[101]
      Received HTTP response headers after 2303.5188ms - 500
info: System.Net.Http.HttpClient.BackendApiService.LogicalHandler[101]
      End processing HTTP request after 2336.0116ms - 500
info: System.Net.Http.HttpClient.BackendApiService.LogicalHandler[100]
      Start processing HTTP request GET http://localhost:8001/projects/
info: System.Net.Http.HttpClient.BackendApiService.ClientHandler[100]
      Sending HTTP request GET http://localhost:8001/projects/
info: System.Net.Http.HttpClient.BackendApiService.ClientHandler[101]
      Received HTTP response headers after 2081.1944ms - 500
info: System.Net.Http.HttpClient.BackendApiService.LogicalHandler[101]
      End processing HTTP request after 2087.7852ms - 500
info: Microsoft.Hosting.Lifetime[0]
      Application is shutting down...
